rails aborted!
StandardError: An error has occurred, this and all later migrations canceled:

PG::UndefinedColumn: ERROR:  column "avatar" of relation "posts" does not exist
: ALTER TABLE "posts" DROP "avatar"
/usr/local/lib/ruby/gems/2.4.0/gems/activerecord-5.1.1/lib/active_record/connection_adapters/postgresql/database_statements.rb:97:in `async_exec'
/usr/local/lib/ruby/gems/2.4.0/gems/activerecord-5.1.1/lib/active_record/connection_adapters/postgresql/database_statements.rb:97:in `block (2 levels) in execute'
/usr/local/lib/ruby/gems/2.4.0/gems/activesupport-5.1.1/lib/active_support/dependencies/interlock.rb:46:in `block in permit_concurrent_loads'
/usr/local/lib/ruby/gems/2.4.0/gems/activesupport-5.1.1/lib/active_support/concurrency/share_lock.rb:185:in `yield_shares'
/usr/local/lib/ruby/gems/2.4.0/gems/activesupport-5.1.1/lib/active_support/dependencies/interlock.rb:45:in `permit_concurrent_loads'
/usr/local/lib/ruby/gems/2.4.0/gems/activerecord-5.1.1/lib/active_record/connection_adapters/postgresql/database_statements.rb:96:in `block in execute'
/usr/local/lib/ruby/gems/2.4.0/gems/activerecord-5.1.1/lib/active_record/connection_adapters/abstract_adapter.rb:612:in `block (2 levels) in log'
/usr/local/lib/ruby/gems/2.4.0/gems/activerecord-5.1.1/lib/active_record/connection_adapters/abstract_adapter.rb:611:in `block in log'
/usr/local/lib/ruby/gems/2.4.0/gems/activesupport-5.1.1/lib/active_support/notifications/instrumenter.rb:21:in `instrument'
/usr/local/lib/ruby/gems/2.4.0/gems/activerecord-5.1.1/lib/active_record/connection_adapters/abstract_adapter.rb:603:in `log'
/usr/local/lib/ruby/gems/2.4.0/gems/activerecord-5.1.1/lib/active_record/connection_adapters/postgresql/database_statements.rb:95:in `execute'
/usr/local/lib/ruby/gems/2.4.0/gems/activerecord-5.1.1/lib/active_record/connection_adapters/abstract/schema_statements.rb:576:in `remove_column'
/usr/local/lib/ruby/gems/2.4.0/gems/activerecord-5.1.1/lib/active_record/migration.rb:849:in `block in method_missing'
/usr/local/lib/ruby/gems/2.4.0/gems/activerecord-5.1.1/lib/active_record/migration.rb:818:in `block in say_with_time'
/usr/local/lib/ruby/gems/2.4.0/gems/activerecord-5.1.1/lib/active_record/migration.rb:818:in `say_with_time'
/usr/local/lib/ruby/gems/2.4.0/gems/activerecord-5.1.1/lib/active_record/migration.rb:838:in `method_missing'
/Users/tarahaseltine/Desktop/projects/FinalProject/db/migrate/20170515193213_add_lat_lng_to_posts.rb:5:in `change'
/usr/local/lib/ruby/gems/2.4.0/gems/activerecord-5.1.1/lib/active_record/migration.rb:792:in `exec_migration'
/usr/local/lib/ruby/gems/2.4.0/gems/activerecord-5.1.1/lib/active_record/migration.rb:776:in `block (2 levels) in migrate'
/usr/local/lib/ruby/gems/2.4.0/gems/activerecord-5.1.1/lib/active_record/migration.rb:775:in `block in migrate'
/usr/local/lib/ruby/gems/2.4.0/gems/activerecord-5.1.1/lib/active_record/connection_adapters/abstract/connection_pool.rb:408:in `with_connection'
/usr/local/lib/ruby/gems/2.4.0/gems/activerecord-5.1.1/lib/active_record/migration.rb:774:in `migrate'
/usr/local/lib/ruby/gems/2.4.0/gems/activerecord-5.1.1/lib/active_record/migration.rb:953:in `migrate'
/usr/local/lib/ruby/gems/2.4.0/gems/activerecord-5.1.1/lib/active_record/migration.rb:1230:in `block in execute_migration_in_transaction'
/usr/local/lib/ruby/gems/2.4.0/gems/activerecord-5.1.1/lib/active_record/migration.rb:1298:in `block in ddl_transaction'
/usr/local/lib/ruby/gems/2.4.0/gems/activerecord-5.1.1/lib/active_record/connection_adapters/abstract/database_statements.rb:225:in `block in transaction'
/usr/local/lib/ruby/gems/2.4.0/gems/activerecord-5.1.1/lib/active_record/connection_adapters/abstract/transaction.rb:194:in `block in within_new_transaction'
/usr/local/lib/ruby/gems/2.4.0/gems/activerecord-5.1.1/lib/active_record/connection_adapters/abstract/transaction.rb:191:in `within_new_transaction'
/usr/local/lib/ruby/gems/2.4.0/gems/activerecord-5.1.1/lib/active_record/connection_adapters/abstract/database_statements.rb:225:in `transaction'
/usr/local/lib/ruby/gems/2.4.0/gems/activerecord-5.1.1/lib/active_record/transactions.rb:210:in `transaction'
/usr/local/lib/ruby/gems/2.4.0/gems/activerecord-5.1.1/lib/active_record/migration.rb:1298:in `ddl_transaction'
/usr/local/lib/ruby/gems/2.4.0/gems/activerecord-5.1.1/lib/active_record/migration.rb:1229:in `execute_migration_in_transaction'
/usr/local/lib/ruby/gems/2.4.0/gems/activerecord-5.1.1/lib/active_record/migration.rb:1201:in `block in migrate_without_lock'
/usr/local/lib/ruby/gems/2.4.0/gems/activerecord-5.1.1/lib/active_record/migration.rb:1200:in `each'
/usr/local/lib/ruby/gems/2.4.0/gems/activerecord-5.1.1/lib/active_record/migration.rb:1200:in `migrate_without_lock'
/usr/local/lib/ruby/gems/2.4.0/gems/activerecord-5.1.1/lib/active_record/migration.rb:1148:in `block in migrate'
/usr/local/lib/ruby/gems/2.4.0/gems/activerecord-5.1.1/lib/active_record/migration.rb:1317:in `with_advisory_lock'
/usr/local/lib/ruby/gems/2.4.0/gems/activerecord-5.1.1/lib/active_record/migration.rb:1148:in `migrate'
/usr/local/lib/ruby/gems/2.4.0/gems/activerecord-5.1.1/lib/active_record/migration.rb:1007:in `up'
/usr/local/lib/ruby/gems/2.4.0/gems/activerecord-5.1.1/lib/active_record/migration.rb:985:in `migrate'
/usr/local/lib/ruby/gems/2.4.0/gems/activerecord-5.1.1/lib/active_record/tasks/database_tasks.rb:171:in `migrate'
/usr/local/lib/ruby/gems/2.4.0/gems/activerecord-5.1.1/lib/active_record/railties/databases.rake:58:in `block (2 levels) in <top (required)>'
/usr/local/lib/ruby/gems/2.4.0/gems/railties-5.1.1/lib/rails/commands/rake/rake_command.rb:21:in `block in perform'
/usr/local/lib/ruby/gems/2.4.0/gems/railties-5.1.1/lib/rails/commands/rake/rake_command.rb:18:in `perform'
/usr/local/lib/ruby/gems/2.4.0/gems/railties-5.1.1/lib/rails/command.rb:46:in `invoke'
/usr/local/lib/ruby/gems/2.4.0/gems/railties-5.1.1/lib/rails/commands.rb:16:in `<top (required)>'
/Users/tarahaseltine/Desktop/projects/FinalProject/bin/rails:9:in `require'
/Users/tarahaseltine/Desktop/projects/FinalProject/bin/rails:9:in `<top (required)>'
/usr/local/lib/ruby/gems/2.4.0/gems/spring-2.0.1/lib/spring/client/rails.rb:28:in `load'
/usr/local/lib/ruby/gems/2.4.0/gems/spring-2.0.1/lib/spring/client/rails.rb:28:in `call'
/usr/local/lib/ruby/gems/2.4.0/gems/spring-2.0.1/lib/spring/client/command.rb:7:in `call'
/usr/local/lib/ruby/gems/2.4.0/gems/spring-2.0.1/lib/spring/client.rb:30:in `run'
/usr/local/lib/ruby/gems/2.4.0/gems/spring-2.0.1/bin/spring:49:in `<top (required)>'
/usr/local/lib/ruby/gems/2.4.0/gems/spring-2.0.1/lib/spring/binstub.rb:31:in `load'
/usr/local/lib/ruby/gems/2.4.0/gems/spring-2.0.1/lib/spring/binstub.rb:31:in `<top (required)>'
/Users/tarahaseltine/Desktop/projects/FinalProject/bin/spring:15:in `<top (required)>'
bin/rails:3:in `load'
bin/rails:3:in `<main>'
ActiveRecord::StatementInvalid: PG::UndefinedColumn: ERROR:  column "avatar" of relation "posts" does not exist
: ALTER TABLE "posts" DROP "avatar"
/usr/local/lib/ruby/gems/2.4.0/gems/activerecord-5.1.1/lib/active_record/connection_adapters/postgresql/database_statements.rb:97:in `async_exec'
/usr/local/lib/ruby/gems/2.4.0/gems/activerecord-5.1.1/lib/active_record/connection_adapters/postgresql/database_statements.rb:97:in `block (2 levels) in execute'
/usr/local/lib/ruby/gems/2.4.0/gems/activesupport-5.1.1/lib/active_support/dependencies/interlock.rb:46:in `block in permit_concurrent_loads'
/usr/local/lib/ruby/gems/2.4.0/gems/activesupport-5.1.1/lib/active_support/concurrency/share_lock.rb:185:in `yield_shares'
/usr/local/lib/ruby/gems/2.4.0/gems/activesupport-5.1.1/lib/active_support/dependencies/interlock.rb:45:in `permit_concurrent_loads'
/usr/local/lib/ruby/gems/2.4.0/gems/activerecord-5.1.1/lib/active_record/connection_adapters/postgresql/database_statements.rb:96:in `block in execute'
/usr/local/lib/ruby/gems/2.4.0/gems/activerecord-5.1.1/lib/active_record/connection_adapters/abstract_adapter.rb:612:in `block (2 levels) in log'
/usr/local/lib/ruby/gems/2.4.0/gems/activerecord-5.1.1/lib/active_record/connection_adapters/abstract_adapter.rb:611:in `block in log'
/usr/local/lib/ruby/gems/2.4.0/gems/activesupport-5.1.1/lib/active_support/notifications/instrumenter.rb:21:in `instrument'
/usr/local/lib/ruby/gems/2.4.0/gems/activerecord-5.1.1/lib/active_record/connection_adapters/abstract_adapter.rb:603:in `log'
/usr/local/lib/ruby/gems/2.4.0/gems/activerecord-5.1.1/lib/active_record/connection_adapters/postgresql/database_statements.rb:95:in `execute'
/usr/local/lib/ruby/gems/2.4.0/gems/activerecord-5.1.1/lib/active_record/connection_adapters/abstract/schema_statements.rb:576:in `remove_column'
/usr/local/lib/ruby/gems/2.4.0/gems/activerecord-5.1.1/lib/active_record/migration.rb:849:in `block in method_missing'
/usr/local/lib/ruby/gems/2.4.0/gems/activerecord-5.1.1/lib/active_record/migration.rb:818:in `block in say_with_time'
/usr/local/lib/ruby/gems/2.4.0/gems/activerecord-5.1.1/lib/active_record/migration.rb:818:in `say_with_time'
/usr/local/lib/ruby/gems/2.4.0/gems/activerecord-5.1.1/lib/active_record/migration.rb:838:in `method_missing'
/Users/tarahaseltine/Desktop/projects/FinalProject/db/migrate/20170515193213_add_lat_lng_to_posts.rb:5:in `change'
/usr/local/lib/ruby/gems/2.4.0/gems/activerecord-5.1.1/lib/active_record/migration.rb:792:in `exec_migration'
/usr/local/lib/ruby/gems/2.4.0/gems/activerecord-5.1.1/lib/active_record/migration.rb:776:in `block (2 levels) in migrate'
/usr/local/lib/ruby/gems/2.4.0/gems/activerecord-5.1.1/lib/active_record/migration.rb:775:in `block in migrate'
/usr/local/lib/ruby/gems/2.4.0/gems/activerecord-5.1.1/lib/active_record/connection_adapters/abstract/connection_pool.rb:408:in `with_connection'
/usr/local/lib/ruby/gems/2.4.0/gems/activerecord-5.1.1/lib/active_record/migration.rb:774:in `migrate'
/usr/local/lib/ruby/gems/2.4.0/gems/activerecord-5.1.1/lib/active_record/migration.rb:953:in `migrate'
/usr/local/lib/ruby/gems/2.4.0/gems/activerecord-5.1.1/lib/active_record/migration.rb:1230:in `block in execute_migration_in_transaction'
/usr/local/lib/ruby/gems/2.4.0/gems/activerecord-5.1.1/lib/active_record/migration.rb:1298:in `block in ddl_transaction'
/usr/local/lib/ruby/gems/2.4.0/gems/activerecord-5.1.1/lib/active_record/connection_adapters/abstract/database_statements.rb:225:in `block in transaction'
/usr/local/lib/ruby/gems/2.4.0/gems/activerecord-5.1.1/lib/active_record/connection_adapters/abstract/transaction.rb:194:in `block in within_new_transaction'
/usr/local/lib/ruby/gems/2.4.0/gems/activerecord-5.1.1/lib/active_record/connection_adapters/abstract/transaction.rb:191:in `within_new_transaction'
/usr/local/lib/ruby/gems/2.4.0/gems/activerecord-5.1.1/lib/active_record/connection_adapters/abstract/database_statements.rb:225:in `transaction'
/usr/local/lib/ruby/gems/2.4.0/gems/activerecord-5.1.1/lib/active_record/transactions.rb:210:in `transaction'
/usr/local/lib/ruby/gems/2.4.0/gems/activerecord-5.1.1/lib/active_record/migration.rb:1298:in `ddl_transaction'
/usr/local/lib/ruby/gems/2.4.0/gems/activerecord-5.1.1/lib/active_record/migration.rb:1229:in `execute_migration_in_transaction'
/usr/local/lib/ruby/gems/2.4.0/gems/activerecord-5.1.1/lib/active_record/migration.rb:1201:in `block in migrate_without_lock'
/usr/local/lib/ruby/gems/2.4.0/gems/activerecord-5.1.1/lib/active_record/migration.rb:1200:in `each'
/usr/local/lib/ruby/gems/2.4.0/gems/activerecord-5.1.1/lib/active_record/migration.rb:1200:in `migrate_without_lock'
/usr/local/lib/ruby/gems/2.4.0/gems/activerecord-5.1.1/lib/active_record/migration.rb:1148:in `block in migrate'
/usr/local/lib/ruby/gems/2.4.0/gems/activerecord-5.1.1/lib/active_record/migration.rb:1317:in `with_advisory_lock'
/usr/local/lib/ruby/gems/2.4.0/gems/activerecord-5.1.1/lib/active_record/migration.rb:1148:in `migrate'
/usr/local/lib/ruby/gems/2.4.0/gems/activerecord-5.1.1/lib/active_record/migration.rb:1007:in `up'
/usr/local/lib/ruby/gems/2.4.0/gems/activerecord-5.1.1/lib/active_record/migration.rb:985:in `migrate'
/usr/local/lib/ruby/gems/2.4.0/gems/activerecord-5.1.1/lib/active_record/tasks/database_tasks.rb:171:in `migrate'
/usr/local/lib/ruby/gems/2.4.0/gems/activerecord-5.1.1/lib/active_record/railties/databases.rake:58:in `block (2 levels) in <top (required)>'
/usr/local/lib/ruby/gems/2.4.0/gems/railties-5.1.1/lib/rails/commands/rake/rake_command.rb:21:in `block in perform'
/usr/local/lib/ruby/gems/2.4.0/gems/railties-5.1.1/lib/rails/commands/rake/rake_command.rb:18:in `perform'
/usr/local/lib/ruby/gems/2.4.0/gems/railties-5.1.1/lib/rails/command.rb:46:in `invoke'
/usr/local/lib/ruby/gems/2.4.0/gems/railties-5.1.1/lib/rails/commands.rb:16:in `<top (required)>'
/Users/tarahaseltine/Desktop/projects/FinalProject/bin/rails:9:in `require'
/Users/tarahaseltine/Desktop/projects/FinalProject/bin/rails:9:in `<top (required)>'
/usr/local/lib/ruby/gems/2.4.0/gems/spring-2.0.1/lib/spring/client/rails.rb:28:in `load'
/usr/local/lib/ruby/gems/2.4.0/gems/spring-2.0.1/lib/spring/client/rails.rb:28:in `call'
/usr/local/lib/ruby/gems/2.4.0/gems/spring-2.0.1/lib/spring/client/command.rb:7:in `call'
/usr/local/lib/ruby/gems/2.4.0/gems/spring-2.0.1/lib/spring/client.rb:30:in `run'
/usr/local/lib/ruby/gems/2.4.0/gems/spring-2.0.1/bin/spring:49:in `<top (required)>'
/usr/local/lib/ruby/gems/2.4.0/gems/spring-2.0.1/lib/spring/binstub.rb:31:in `load'
/usr/local/lib/ruby/gems/2.4.0/gems/spring-2.0.1/lib/spring/binstub.rb:31:in `<top (required)>'
/Users/tarahaseltine/Desktop/projects/FinalProject/bin/spring:15:in `<top (required)>'
bin/rails:3:in `load'
bin/rails:3:in `<main>'
PG::UndefinedColumn: ERROR:  column "avatar" of relation "posts" does not exist
/usr/local/lib/ruby/gems/2.4.0/gems/activerecord-5.1.1/lib/active_record/connection_adapters/postgresql/database_statements.rb:97:in `async_exec'
/usr/local/lib/ruby/gems/2.4.0/gems/activerecord-5.1.1/lib/active_record/connection_adapters/postgresql/database_statements.rb:97:in `block (2 levels) in execute'
/usr/local/lib/ruby/gems/2.4.0/gems/activesupport-5.1.1/lib/active_support/dependencies/interlock.rb:46:in `block in permit_concurrent_loads'
/usr/local/lib/ruby/gems/2.4.0/gems/activesupport-5.1.1/lib/active_support/concurrency/share_lock.rb:185:in `yield_shares'
/usr/local/lib/ruby/gems/2.4.0/gems/activesupport-5.1.1/lib/active_support/dependencies/interlock.rb:45:in `permit_concurrent_loads'
/usr/local/lib/ruby/gems/2.4.0/gems/activerecord-5.1.1/lib/active_record/connection_adapters/postgresql/database_statements.rb:96:in `block in execute'
/usr/local/lib/ruby/gems/2.4.0/gems/activerecord-5.1.1/lib/active_record/connection_adapters/abstract_adapter.rb:612:in `block (2 levels) in log'
/usr/local/lib/ruby/gems/2.4.0/gems/activerecord-5.1.1/lib/active_record/connection_adapters/abstract_adapter.rb:611:in `block in log'
/usr/local/lib/ruby/gems/2.4.0/gems/activesupport-5.1.1/lib/active_support/notifications/instrumenter.rb:21:in `instrument'
/usr/local/lib/ruby/gems/2.4.0/gems/activerecord-5.1.1/lib/active_record/connection_adapters/abstract_adapter.rb:603:in `log'
/usr/local/lib/ruby/gems/2.4.0/gems/activerecord-5.1.1/lib/active_record/connection_adapters/postgresql/database_statements.rb:95:in `execute'
/usr/local/lib/ruby/gems/2.4.0/gems/activerecord-5.1.1/lib/active_record/connection_adapters/abstract/schema_statements.rb:576:in `remove_column'
/usr/local/lib/ruby/gems/2.4.0/gems/activerecord-5.1.1/lib/active_record/migration.rb:849:in `block in method_missing'
/usr/local/lib/ruby/gems/2.4.0/gems/activerecord-5.1.1/lib/active_record/migration.rb:818:in `block in say_with_time'
/usr/local/lib/ruby/gems/2.4.0/gems/activerecord-5.1.1/lib/active_record/migration.rb:818:in `say_with_time'
/usr/local/lib/ruby/gems/2.4.0/gems/activerecord-5.1.1/lib/active_record/migration.rb:838:in `method_missing'
/Users/tarahaseltine/Desktop/projects/FinalProject/db/migrate/20170515193213_add_lat_lng_to_posts.rb:5:in `change'
/usr/local/lib/ruby/gems/2.4.0/gems/activerecord-5.1.1/lib/active_record/migration.rb:792:in `exec_migration'
/usr/local/lib/ruby/gems/2.4.0/gems/activerecord-5.1.1/lib/active_record/migration.rb:776:in `block (2 levels) in migrate'
/usr/local/lib/ruby/gems/2.4.0/gems/activerecord-5.1.1/lib/active_record/migration.rb:775:in `block in migrate'
/usr/local/lib/ruby/gems/2.4.0/gems/activerecord-5.1.1/lib/active_record/connection_adapters/abstract/connection_pool.rb:408:in `with_connection'
/usr/local/lib/ruby/gems/2.4.0/gems/activerecord-5.1.1/lib/active_record/migration.rb:774:in `migrate'
/usr/local/lib/ruby/gems/2.4.0/gems/activerecord-5.1.1/lib/active_record/migration.rb:953:in `migrate'
/usr/local/lib/ruby/gems/2.4.0/gems/activerecord-5.1.1/lib/active_record/migration.rb:1230:in `block in execute_migration_in_transaction'
/usr/local/lib/ruby/gems/2.4.0/gems/activerecord-5.1.1/lib/active_record/migration.rb:1298:in `block in ddl_transaction'
/usr/local/lib/ruby/gems/2.4.0/gems/activerecord-5.1.1/lib/active_record/connection_adapters/abstract/database_statements.rb:225:in `block in transaction'
/usr/local/lib/ruby/gems/2.4.0/gems/activerecord-5.1.1/lib/active_record/connection_adapters/abstract/transaction.rb:194:in `block in within_new_transaction'
/usr/local/lib/ruby/gems/2.4.0/gems/activerecord-5.1.1/lib/active_record/connection_adapters/abstract/transaction.rb:191:in `within_new_transaction'
/usr/local/lib/ruby/gems/2.4.0/gems/activerecord-5.1.1/lib/active_record/connection_adapters/abstract/database_statements.rb:225:in `transaction'
/usr/local/lib/ruby/gems/2.4.0/gems/activerecord-5.1.1/lib/active_record/transactions.rb:210:in `transaction'
/usr/local/lib/ruby/gems/2.4.0/gems/activerecord-5.1.1/lib/active_record/migration.rb:1298:in `ddl_transaction'
/usr/local/lib/ruby/gems/2.4.0/gems/activerecord-5.1.1/lib/active_record/migration.rb:1229:in `execute_migration_in_transaction'
/usr/local/lib/ruby/gems/2.4.0/gems/activerecord-5.1.1/lib/active_record/migration.rb:1201:in `block in migrate_without_lock'
/usr/local/lib/ruby/gems/2.4.0/gems/activerecord-5.1.1/lib/active_record/migration.rb:1200:in `each'
/usr/local/lib/ruby/gems/2.4.0/gems/activerecord-5.1.1/lib/active_record/migration.rb:1200:in `migrate_without_lock'
/usr/local/lib/ruby/gems/2.4.0/gems/activerecord-5.1.1/lib/active_record/migration.rb:1148:in `block in migrate'
/usr/local/lib/ruby/gems/2.4.0/gems/activerecord-5.1.1/lib/active_record/migration.rb:1317:in `with_advisory_lock'
/usr/local/lib/ruby/gems/2.4.0/gems/activerecord-5.1.1/lib/active_record/migration.rb:1148:in `migrate'
/usr/local/lib/ruby/gems/2.4.0/gems/activerecord-5.1.1/lib/active_record/migration.rb:1007:in `up'
/usr/local/lib/ruby/gems/2.4.0/gems/activerecord-5.1.1/lib/active_record/migration.rb:985:in `migrate'
/usr/local/lib/ruby/gems/2.4.0/gems/activerecord-5.1.1/lib/active_record/tasks/database_tasks.rb:171:in `migrate'
/usr/local/lib/ruby/gems/2.4.0/gems/activerecord-5.1.1/lib/active_record/railties/databases.rake:58:in `block (2 levels) in <top (required)>'
/usr/local/lib/ruby/gems/2.4.0/gems/railties-5.1.1/lib/rails/commands/rake/rake_command.rb:21:in `block in perform'
/usr/local/lib/ruby/gems/2.4.0/gems/railties-5.1.1/lib/rails/commands/rake/rake_command.rb:18:in `perform'
/usr/local/lib/ruby/gems/2.4.0/gems/railties-5.1.1/lib/rails/command.rb:46:in `invoke'
/usr/local/lib/ruby/gems/2.4.0/gems/railties-5.1.1/lib/rails/commands.rb:16:in `<top (required)>'
/Users/tarahaseltine/Desktop/projects/FinalProject/bin/rails:9:in `require'
/Users/tarahaseltine/Desktop/projects/FinalProject/bin/rails:9:in `<top (required)>'
/usr/local/lib/ruby/gems/2.4.0/gems/spring-2.0.1/lib/spring/client/rails.rb:28:in `load'
/usr/local/lib/ruby/gems/2.4.0/gems/spring-2.0.1/lib/spring/client/rails.rb:28:in `call'
/usr/local/lib/ruby/gems/2.4.0/gems/spring-2.0.1/lib/spring/client/command.rb:7:in `call'
/usr/local/lib/ruby/gems/2.4.0/gems/spring-2.0.1/lib/spring/client.rb:30:in `run'
/usr/local/lib/ruby/gems/2.4.0/gems/spring-2.0.1/bin/spring:49:in `<top (required)>'
/usr/local/lib/ruby/gems/2.4.0/gems/spring-2.0.1/lib/spring/binstub.rb:31:in `load'
/usr/local/lib/ruby/gems/2.4.0/gems/spring-2.0.1/lib/spring/binstub.rb:31:in `<top (required)>'
/Users/tarahaseltine/Desktop/projects/FinalProject/bin/spring:15:in `<top (required)>'
bin/rails:3:in `load'
bin/rails:3:in `<main>'
Tasks: TOP => db:migrate
(See full trace by running task with --trace)
== 20170515193213 AddLatLngToPosts: migrating =================================
-- add_column(:posts, :lat, :string)
   -> 0.0009s
-- add_column(:posts, :lng, :string)
   -> 0.0005s
-- remove_column(:posts, :avatar)
